Determining if the pthread_create exist failed with the following output:
Change Dir: /home/qiusuo/CLionProjects/LSTMQC/cmake-build-debug/CMakeFiles/CMakeTmp

Run Build Command:"/usr/bin/make" "cmTC_1d328/fast"
/usr/bin/make -f CMakeFiles/cmTC_1d328.dir/build.make CMakeFiles/cmTC_1d328.dir/build
make[1]: Entering directory '/home/qiusuo/CLionProjects/LSTMQC/cmake-build-debug/CMakeFiles/CMakeTmp'
Building C object CMakeFiles/cmTC_1d328.dir/CheckSymbolExists.c.o
/usr/bin/cc    -o CMakeFiles/cmTC_1d328.dir/CheckSymbolExists.c.o   -c /home/qiusuo/CLionProjects/LSTMQC/cmake-build-debug/CMakeFiles/CMakeTmp/CheckSymbolExists.c
Linking C executable cmTC_1d328
/home/qiusuo/clion-2018.3.3/bin/cmake/linux/bin/cmake -E cmake_link_script CMakeFiles/cmTC_1d328.dir/link.txt --verbose=1
/usr/bin/cc      -rdynamic CMakeFiles/cmTC_1d328.dir/CheckSymbolExists.c.o  -o cmTC_1d328 
CMakeFiles/cmTC_1d328.dir/CheckSymbolExists.c.o: In function `main':
CheckSymbolExists.c:(.text+0x16): undefined reference to `pthread_create'
collect2: error: ld returned 1 exit status
CMakeFiles/cmTC_1d328.dir/build.make:86: recipe for target 'cmTC_1d328' failed
make[1]: *** [cmTC_1d328] Error 1
make[1]: Leaving directory '/home/qiusuo/CLionProjects/LSTMQC/cmake-build-debug/CMakeFiles/CMakeTmp'
Makefile:121: recipe for target 'cmTC_1d328/fast' failed
make: *** [cmTC_1d328/fast] Error 2

File /home/qiusuo/CLionProjects/LSTMQC/cmake-build-debug/CMakeFiles/CMakeTmp/CheckSymbolExists.c:
/* */
#include <pthread.h>

int main(int argc, char** argv)
{
  (void)argv;
#ifndef pthread_create
  return ((int*)(&pthread_create))[argc];
#else
  (void)argc;
  return 0;
#endif
}

Determining if the function pthread_create exists in the pthreads failed with the following output:
Change Dir: /home/qiusuo/CLionProjects/LSTMQC/cmake-build-debug/CMakeFiles/CMakeTmp

Run Build Command:"/usr/bin/make" "cmTC_0fc18/fast"
/usr/bin/make -f CMakeFiles/cmTC_0fc18.dir/build.make CMakeFiles/cmTC_0fc18.dir/build
make[1]: Entering directory '/home/qiusuo/CLionProjects/LSTMQC/cmake-build-debug/CMakeFiles/CMakeTmp'
Building C object CMakeFiles/cmTC_0fc18.dir/CheckFunctionExists.c.o
/usr/bin/cc   -DCHECK_FUNCTION_EXISTS=pthread_create   -o CMakeFiles/cmTC_0fc18.dir/CheckFunctionExists.c.o   -c /home/qiusuo/clion-2018.3.3/bin/cmake/linux/share/cmake-3.13/Modules/CheckFunctionExists.c
Linking C executable cmTC_0fc18
/home/qiusuo/clion-2018.3.3/bin/cmake/linux/bin/cmake -E cmake_link_script CMakeFiles/cmTC_0fc18.dir/link.txt --verbose=1
/usr/bin/cc  -DCHECK_FUNCTION_EXISTS=pthread_create    -rdynamic CMakeFiles/cmTC_0fc18.dir/CheckFunctionExists.c.o  -o cmTC_0fc18 -lpthreads 
/usr/bin/ld: cannot find -lpthreads
collect2: error: ld returned 1 exit status
CMakeFiles/cmTC_0fc18.dir/build.make:86: recipe for target 'cmTC_0fc18' failed
make[1]: *** [cmTC_0fc18] Error 1
make[1]: Leaving directory '/home/qiusuo/CLionProjects/LSTMQC/cmake-build-debug/CMakeFiles/CMakeTmp'
Makefile:121: recipe for target 'cmTC_0fc18/fast' failed
make: *** [cmTC_0fc18/fast] Error 2


